<?xml version="1.0" encoding="UTF-8"?>
<!-- Generated by org.testng.reporters.JUnitXMLReporter -->
<testsuite ignored="0" hostname="INBLL000309" failures="0" tests="18" name="Default test" time="39.781" errors="0" timestamp="2021-09-17T11:11:00 IST">
  <testcase classname="com.hms.tests.PatientTest" name="TC_HMS_03" time="2.071"/>
  <testcase classname="com.hms.tests.PatientTest" name="TC_HMS_17" time="3.236"/>
  <testcase classname="com.hms.tests.PatientTest" name="TC_HMS_18" time="0.742"/>
  <testcase classname="com.hms.tests.PatientTest" name="TC_HMS_22" time="1.351"/>
  <testcase classname="com.hms.tests.PatientTest" name="TC_HMS_23" time="0.913"/>
  <testcase classname="com.hms.tests.PatientTest" name="TC_HMS_24" time="0.174"/>
  <testcase classname="com.hms.tests.DoctorTest" name="TC_HMS_03" time="1.46"/>
  <testcase classname="com.hms.tests.DoctorTest" name="TC_HMS_10" time="0.428"/>
  <testcase classname="com.hms.tests.DoctorTest" name="TC_HMS_13" time="1.204"/>
  <testcase classname="com.hms.tests.DoctorTest" name="TC_HMS_14" time="1.727"/>
  <testcase classname="com.hms.tests.DoctorTest" name="TC_HMS_15" time="3.532"/>
  <testcase classname="com.hms.tests.DoctorTest" name="TC_HMS_16" time="0.529"/>
  <testcase classname="com.hms.tests.AdminTest" name="TC_HMS_03" time="1.452"/>
  <testcase classname="com.hms.tests.AdminTest" name="TC_HMS_02" time="0.456"/>
  <testcase classname="com.hms.tests.AdminTest" name="TC_HMS_05" time="1.0"/>
  <testcase classname="com.hms.tests.AdminTest" name="TC_HMS_06" time="1.717"/>
  <testcase classname="com.hms.tests.AdminTest" name="TC_HMS_07" time="1.344"/>
  <testcase classname="com.hms.tests.AdminTest" name="TC_HMS_09" time="0.689"/>
</testsuite> <!-- Default test -->
