<?xml version="1.0" encoding="UTF-8"?>
<testng-results ignored="0" total="18" passed="18" failed="0" skipped="0">
  <reporter-output>
  </reporter-output>
  <suite started-at="2021-09-17T11:10:20 IST" name="Default suite" finished-at="2021-09-17T11:11:00 IST" duration-ms="39781">
    <groups>
    </groups>
    <test started-at="2021-09-17T11:10:20 IST" name="Default test" finished-at="2021-09-17T11:11:00 IST" duration-ms="39781">
      <class name="com.hms.tests.PatientTest">
        <test-method is-config="true" signature="beforeClass()[pri:0, instance:com.hms.tests.PatientTest@505fc5a4]" started-at="2021-09-17T11:10:20 IST" name="beforeClass" finished-at="2021-09-17T11:10:26 IST" duration-ms="5525" status="PASS">
          <reporter-output>
          </reporter-output>
        </test-method> <!-- beforeClass -->
        <test-method is-config="true" signature="beforeMethod()[pri:0, instance:com.hms.tests.PatientTest@505fc5a4]" started-at="2021-09-17T11:10:26 IST" name="beforeMethod" finished-at="2021-09-17T11:10:26 IST" duration-ms="49" status="PASS">
          <reporter-output>
          </reporter-output>
        </test-method> <!-- beforeMethod -->
        <test-method signature="TC_HMS_03()[pri:0, instance:com.hms.tests.PatientTest@505fc5a4]" started-at="2021-09-17T11:10:26 IST" name="TC_HMS_03" finished-at="2021-09-17T11:10:28 IST" duration-ms="2071" status="PASS">
          <reporter-output>
          </reporter-output>
        </test-method> <!-- TC_HMS_03 -->
        <test-method is-config="true" signature="beforeMethod()[pri:0, instance:com.hms.tests.PatientTest@505fc5a4]" started-at="2021-09-17T11:10:28 IST" name="beforeMethod" finished-at="2021-09-17T11:10:28 IST" duration-ms="4" status="PASS">
          <reporter-output>
          </reporter-output>
        </test-method> <!-- beforeMethod -->
        <test-method signature="TC_HMS_17()[pri:1, instance:com.hms.tests.PatientTest@505fc5a4]" started-at="2021-09-17T11:10:28 IST" name="TC_HMS_17" finished-at="2021-09-17T11:10:31 IST" duration-ms="3236" status="PASS">
          <reporter-output>
          </reporter-output>
        </test-method> <!-- TC_HMS_17 -->
        <test-method is-config="true" signature="beforeMethod()[pri:0, instance:com.hms.tests.PatientTest@505fc5a4]" started-at="2021-09-17T11:10:31 IST" name="beforeMethod" finished-at="2021-09-17T11:10:31 IST" duration-ms="4" status="PASS">
          <reporter-output>
          </reporter-output>
        </test-method> <!-- beforeMethod -->
        <test-method signature="TC_HMS_18()[pri:2, instance:com.hms.tests.PatientTest@505fc5a4]" started-at="2021-09-17T11:10:31 IST" name="TC_HMS_18" finished-at="2021-09-17T11:10:32 IST" duration-ms="742" status="PASS">
          <reporter-output>
          </reporter-output>
        </test-method> <!-- TC_HMS_18 -->
        <test-method is-config="true" signature="beforeMethod()[pri:0, instance:com.hms.tests.PatientTest@505fc5a4]" started-at="2021-09-17T11:10:32 IST" name="beforeMethod" finished-at="2021-09-17T11:10:32 IST" duration-ms="4" status="PASS">
          <reporter-output>
          </reporter-output>
        </test-method> <!-- beforeMethod -->
        <test-method signature="TC_HMS_22()[pri:3, instance:com.hms.tests.PatientTest@505fc5a4]" started-at="2021-09-17T11:10:32 IST" name="TC_HMS_22" finished-at="2021-09-17T11:10:33 IST" depends-on-methods="com.hms.tests.PatientTest.TC_HMS_18" duration-ms="1351" status="PASS">
          <reporter-output>
          </reporter-output>
        </test-method> <!-- TC_HMS_22 -->
        <test-method is-config="true" signature="beforeMethod()[pri:0, instance:com.hms.tests.PatientTest@505fc5a4]" started-at="2021-09-17T11:10:33 IST" name="beforeMethod" finished-at="2021-09-17T11:10:33 IST" duration-ms="8" status="PASS">
          <reporter-output>
          </reporter-output>
        </test-method> <!-- beforeMethod -->
        <test-method signature="TC_HMS_23()[pri:4, instance:com.hms.tests.PatientTest@505fc5a4]" started-at="2021-09-17T11:10:33 IST" name="TC_HMS_23" finished-at="2021-09-17T11:10:34 IST" depends-on-methods="com.hms.tests.PatientTest.TC_HMS_18" duration-ms="913" status="PASS">
          <reporter-output>
          </reporter-output>
        </test-method> <!-- TC_HMS_23 -->
        <test-method is-config="true" signature="beforeMethod()[pri:0, instance:com.hms.tests.PatientTest@505fc5a4]" started-at="2021-09-17T11:10:34 IST" name="beforeMethod" finished-at="2021-09-17T11:10:34 IST" duration-ms="4" status="PASS">
          <reporter-output>
          </reporter-output>
        </test-method> <!-- beforeMethod -->
        <test-method signature="TC_HMS_24()[pri:5, instance:com.hms.tests.PatientTest@505fc5a4]" started-at="2021-09-17T11:10:34 IST" name="TC_HMS_24" finished-at="2021-09-17T11:10:34 IST" depends-on-methods="com.hms.tests.PatientTest.TC_HMS_18" duration-ms="174" status="PASS">
          <reporter-output>
          </reporter-output>
        </test-method> <!-- TC_HMS_24 -->
        <test-method is-config="true" signature="afterMethod()[pri:0, instance:com.hms.tests.PatientTest@505fc5a4]" started-at="2021-09-17T11:10:34 IST" name="afterMethod" finished-at="2021-09-17T11:10:36 IST" duration-ms="1192" status="PASS">
          <reporter-output>
          </reporter-output>
        </test-method> <!-- afterMethod -->
      </class> <!-- com.hms.tests.PatientTest -->
      <class name="com.hms.tests.DoctorTest">
        <test-method is-config="true" signature="beforeClass()[pri:0, instance:com.hms.tests.DoctorTest@53fdffa1]" started-at="2021-09-17T11:10:36 IST" name="beforeClass" finished-at="2021-09-17T11:10:39 IST" duration-ms="3281" status="PASS">
          <reporter-output>
          </reporter-output>
        </test-method> <!-- beforeClass -->
        <test-method is-config="true" signature="beforeMethod()[pri:0, instance:com.hms.tests.DoctorTest@53fdffa1]" started-at="2021-09-17T11:10:39 IST" name="beforeMethod" finished-at="2021-09-17T11:10:39 IST" duration-ms="20" status="PASS">
          <reporter-output>
          </reporter-output>
        </test-method> <!-- beforeMethod -->
        <test-method signature="TC_HMS_03()[pri:0, instance:com.hms.tests.DoctorTest@53fdffa1]" started-at="2021-09-17T11:10:39 IST" name="TC_HMS_03" finished-at="2021-09-17T11:10:40 IST" duration-ms="1460" status="PASS">
          <reporter-output>
          </reporter-output>
        </test-method> <!-- TC_HMS_03 -->
        <test-method is-config="true" signature="beforeMethod()[pri:0, instance:com.hms.tests.DoctorTest@53fdffa1]" started-at="2021-09-17T11:10:40 IST" name="beforeMethod" finished-at="2021-09-17T11:10:40 IST" duration-ms="1" status="PASS">
          <reporter-output>
          </reporter-output>
        </test-method> <!-- beforeMethod -->
        <test-method signature="TC_HMS_10()[pri:1, instance:com.hms.tests.DoctorTest@53fdffa1]" started-at="2021-09-17T11:10:40 IST" name="TC_HMS_10" finished-at="2021-09-17T11:10:41 IST" duration-ms="428" status="PASS">
          <reporter-output>
          </reporter-output>
        </test-method> <!-- TC_HMS_10 -->
        <test-method is-config="true" signature="beforeMethod()[pri:0, instance:com.hms.tests.DoctorTest@53fdffa1]" started-at="2021-09-17T11:10:41 IST" name="beforeMethod" finished-at="2021-09-17T11:10:41 IST" duration-ms="1" status="PASS">
          <reporter-output>
          </reporter-output>
        </test-method> <!-- beforeMethod -->
        <test-method signature="TC_HMS_13()[pri:2, instance:com.hms.tests.DoctorTest@53fdffa1]" started-at="2021-09-17T11:10:41 IST" name="TC_HMS_13" finished-at="2021-09-17T11:10:42 IST" depends-on-methods="com.hms.tests.DoctorTest.TC_HMS_10" duration-ms="1204" status="PASS">
          <reporter-output>
          </reporter-output>
        </test-method> <!-- TC_HMS_13 -->
        <test-method is-config="true" signature="beforeMethod()[pri:0, instance:com.hms.tests.DoctorTest@53fdffa1]" started-at="2021-09-17T11:10:42 IST" name="beforeMethod" finished-at="2021-09-17T11:10:42 IST" duration-ms="1" status="PASS">
          <reporter-output>
          </reporter-output>
        </test-method> <!-- beforeMethod -->
        <test-method signature="TC_HMS_14()[pri:3, instance:com.hms.tests.DoctorTest@53fdffa1]" started-at="2021-09-17T11:10:42 IST" name="TC_HMS_14" finished-at="2021-09-17T11:10:44 IST" depends-on-methods="com.hms.tests.DoctorTest.TC_HMS_10" duration-ms="1727" status="PASS">
          <reporter-output>
          </reporter-output>
        </test-method> <!-- TC_HMS_14 -->
        <test-method is-config="true" signature="beforeMethod()[pri:0, instance:com.hms.tests.DoctorTest@53fdffa1]" started-at="2021-09-17T11:10:44 IST" name="beforeMethod" finished-at="2021-09-17T11:10:44 IST" duration-ms="1" status="PASS">
          <reporter-output>
          </reporter-output>
        </test-method> <!-- beforeMethod -->
        <test-method signature="TC_HMS_15()[pri:4, instance:com.hms.tests.DoctorTest@53fdffa1]" started-at="2021-09-17T11:10:44 IST" name="TC_HMS_15" finished-at="2021-09-17T11:10:47 IST" depends-on-methods="com.hms.tests.DoctorTest.TC_HMS_10" duration-ms="3532" status="PASS">
          <reporter-output>
          </reporter-output>
        </test-method> <!-- TC_HMS_15 -->
        <test-method is-config="true" signature="beforeMethod()[pri:0, instance:com.hms.tests.DoctorTest@53fdffa1]" started-at="2021-09-17T11:10:47 IST" name="beforeMethod" finished-at="2021-09-17T11:10:47 IST" duration-ms="1" status="PASS">
          <reporter-output>
          </reporter-output>
        </test-method> <!-- beforeMethod -->
        <test-method signature="TC_HMS_16()[pri:5, instance:com.hms.tests.DoctorTest@53fdffa1]" started-at="2021-09-17T11:10:47 IST" name="TC_HMS_16" finished-at="2021-09-17T11:10:48 IST" depends-on-methods="com.hms.tests.DoctorTest.TC_HMS_10" duration-ms="529" status="PASS">
          <reporter-output>
          </reporter-output>
        </test-method> <!-- TC_HMS_16 -->
        <test-method is-config="true" signature="afterMethod()[pri:0, instance:com.hms.tests.DoctorTest@53fdffa1]" started-at="2021-09-17T11:10:48 IST" name="afterMethod" finished-at="2021-09-17T11:10:49 IST" duration-ms="917" status="PASS">
          <reporter-output>
          </reporter-output>
        </test-method> <!-- afterMethod -->
      </class> <!-- com.hms.tests.DoctorTest -->
      <class name="com.hms.tests.AdminTest">
        <test-method is-config="true" signature="beforeClass()[pri:0, instance:com.hms.tests.AdminTest@5562c41e]" started-at="2021-09-17T11:10:49 IST" name="beforeClass" finished-at="2021-09-17T11:10:52 IST" duration-ms="3616" status="PASS">
          <reporter-output>
          </reporter-output>
        </test-method> <!-- beforeClass -->
        <test-method is-config="true" signature="beforeMethod()[pri:0, instance:com.hms.tests.AdminTest@5562c41e]" started-at="2021-09-17T11:10:52 IST" name="beforeMethod" finished-at="2021-09-17T11:10:52 IST" duration-ms="13" status="PASS">
          <reporter-output>
          </reporter-output>
        </test-method> <!-- beforeMethod -->
        <test-method signature="TC_HMS_03()[pri:0, instance:com.hms.tests.AdminTest@5562c41e]" started-at="2021-09-17T11:10:52 IST" name="TC_HMS_03" finished-at="2021-09-17T11:10:54 IST" duration-ms="1452" status="PASS">
          <reporter-output>
          </reporter-output>
        </test-method> <!-- TC_HMS_03 -->
        <test-method is-config="true" signature="beforeMethod()[pri:0, instance:com.hms.tests.AdminTest@5562c41e]" started-at="2021-09-17T11:10:54 IST" name="beforeMethod" finished-at="2021-09-17T11:10:54 IST" duration-ms="1" status="PASS">
          <reporter-output>
          </reporter-output>
        </test-method> <!-- beforeMethod -->
        <test-method signature="TC_HMS_02()[pri:1, instance:com.hms.tests.AdminTest@5562c41e]" started-at="2021-09-17T11:10:54 IST" name="TC_HMS_02" finished-at="2021-09-17T11:10:54 IST" duration-ms="456" status="PASS">
          <reporter-output>
          </reporter-output>
        </test-method> <!-- TC_HMS_02 -->
        <test-method is-config="true" signature="beforeMethod()[pri:0, instance:com.hms.tests.AdminTest@5562c41e]" started-at="2021-09-17T11:10:54 IST" name="beforeMethod" finished-at="2021-09-17T11:10:54 IST" duration-ms="1" status="PASS">
          <reporter-output>
          </reporter-output>
        </test-method> <!-- beforeMethod -->
        <test-method signature="TC_HMS_05()[pri:2, instance:com.hms.tests.AdminTest@5562c41e]" started-at="2021-09-17T11:10:54 IST" name="TC_HMS_05" finished-at="2021-09-17T11:10:55 IST" depends-on-methods="com.hms.tests.AdminTest.TC_HMS_02" duration-ms="1000" status="PASS">
          <reporter-output>
          </reporter-output>
        </test-method> <!-- TC_HMS_05 -->
        <test-method is-config="true" signature="beforeMethod()[pri:0, instance:com.hms.tests.AdminTest@5562c41e]" started-at="2021-09-17T11:10:55 IST" name="beforeMethod" finished-at="2021-09-17T11:10:55 IST" duration-ms="1" status="PASS">
          <reporter-output>
          </reporter-output>
        </test-method> <!-- beforeMethod -->
        <test-method signature="TC_HMS_06()[pri:3, instance:com.hms.tests.AdminTest@5562c41e]" started-at="2021-09-17T11:10:55 IST" name="TC_HMS_06" finished-at="2021-09-17T11:10:57 IST" depends-on-methods="com.hms.tests.AdminTest.TC_HMS_02" duration-ms="1717" status="PASS">
          <reporter-output>
          </reporter-output>
        </test-method> <!-- TC_HMS_06 -->
        <test-method is-config="true" signature="beforeMethod()[pri:0, instance:com.hms.tests.AdminTest@5562c41e]" started-at="2021-09-17T11:10:57 IST" name="beforeMethod" finished-at="2021-09-17T11:10:57 IST" duration-ms="1" status="PASS">
          <reporter-output>
          </reporter-output>
        </test-method> <!-- beforeMethod -->
        <test-method signature="TC_HMS_07()[pri:4, instance:com.hms.tests.AdminTest@5562c41e]" started-at="2021-09-17T11:10:57 IST" name="TC_HMS_07" finished-at="2021-09-17T11:10:58 IST" depends-on-methods="com.hms.tests.AdminTest.TC_HMS_02" duration-ms="1344" status="PASS">
          <reporter-output>
          </reporter-output>
        </test-method> <!-- TC_HMS_07 -->
        <test-method is-config="true" signature="beforeMethod()[pri:0, instance:com.hms.tests.AdminTest@5562c41e]" started-at="2021-09-17T11:10:58 IST" name="beforeMethod" finished-at="2021-09-17T11:10:58 IST" duration-ms="1" status="PASS">
          <reporter-output>
          </reporter-output>
        </test-method> <!-- beforeMethod -->
        <test-method signature="TC_HMS_09()[pri:5, instance:com.hms.tests.AdminTest@5562c41e]" started-at="2021-09-17T11:10:58 IST" name="TC_HMS_09" finished-at="2021-09-17T11:10:59 IST" depends-on-methods="com.hms.tests.AdminTest.TC_HMS_02" duration-ms="689" status="PASS">
          <reporter-output>
          </reporter-output>
        </test-method> <!-- TC_HMS_09 -->
        <test-method is-config="true" signature="afterMethod()[pri:0, instance:com.hms.tests.AdminTest@5562c41e]" started-at="2021-09-17T11:10:59 IST" name="afterMethod" finished-at="2021-09-17T11:11:00 IST" duration-ms="1018" status="PASS">
          <reporter-output>
          </reporter-output>
        </test-method> <!-- afterMethod -->
      </class> <!-- com.hms.tests.AdminTest -->
    </test> <!-- Default test -->
  </suite> <!-- Default suite -->
</testng-results>
