<?xml version="1.0" encoding="UTF-8"?>
<testng-results ignored="0" total="1" passed="1" failed="0" skipped="0">
  <reporter-output>
  </reporter-output>
  <suite started-at="2021-09-13T22:04:52 IST" name="Default suite" finished-at="2021-09-13T22:05:02 IST" duration-ms="9360">
    <groups>
    </groups>
    <test started-at="2021-09-13T22:04:52 IST" name="Default test" finished-at="2021-09-13T22:05:02 IST" duration-ms="9360">
      <class name="com.hms.Mini_Project.AdminTest">
        <test-method is-config="true" signature="beforeMethod()[pri:0, instance:com.hms.Mini_Project.AdminTest@55536d9e]" started-at="2021-09-13T22:04:52 IST" name="beforeMethod" finished-at="2021-09-13T22:04:57 IST" duration-ms="4533" status="PASS">
          <reporter-output>
          </reporter-output>
        </test-method> <!-- beforeMethod -->
        <test-method signature="f()[pri:0, instance:com.hms.Mini_Project.AdminTest@55536d9e]" started-at="2021-09-13T22:04:57 IST" name="f" finished-at="2021-09-13T22:05:01 IST" duration-ms="4154" status="PASS">
          <reporter-output>
          </reporter-output>
        </test-method> <!-- f -->
        <test-method is-config="true" signature="afterMethod()[pri:0, instance:com.hms.Mini_Project.AdminTest@55536d9e]" started-at="2021-09-13T22:05:01 IST" name="afterMethod" finished-at="2021-09-13T22:05:02 IST" duration-ms="635" status="PASS">
          <reporter-output>
          </reporter-output>
        </test-method> <!-- afterMethod -->
      </class> <!-- com.hms.Mini_Project.AdminTest -->
    </test> <!-- Default test -->
  </suite> <!-- Default suite -->
</testng-results>
